0 info it worked if it ends with ok
1 verbose cli [ '/usr/local/bin/node', '/usr/local/bin/npm', 'install', 'ejs' ]
2 info using npm@1.2.18
3 info using node@v0.10.5
4 verbose read json /home/pablo/Miguel/SWCM/blog/package.json
5 error Failed to parse json
5 error Unexpected end of input
6 error File: /home/pablo/Miguel/SWCM/blog/package.json
7 error Failed to parse package.json data.
7 error package.json must be actual JSON, not just JavaScript.
7 error
7 error This is not a bug in npm.
7 error Tell the package author to fix their package.json file. JSON.parse
8 error System Linux 2.6.38-16-generic-pae
9 error command "/usr/local/bin/node" "/usr/local/bin/npm" "install" "ejs"
10 error cwd /home/pablo/Miguel/SWCM/blog
11 error node -v v0.10.5
12 error npm -v 1.2.18
13 error file /home/pablo/Miguel/SWCM/blog/package.json
14 error code EJSONPARSE
15 verbose exit [ 1, true ]
